<?xml version="1.0" encoding="UTF-8"?>
<testng-results skipped="0" failed="0" total="2" passed="2">
  <reporter-output>
  </reporter-output>
  <suite name="Surefire suite" duration-ms="25" started-at="2020-12-05T13:36:03Z" finished-at="2020-12-05T13:36:03Z">
    <groups>
    </groups>
    <test name="Surefire test" duration-ms="25" started-at="2020-12-05T13:36:03Z" finished-at="2020-12-05T13:36:03Z">
      <class name="qaclickacademy.AppiumTest">
        <test-method status="PASS" signature="IosApps()[pri:0, instance:qaclickacademy.AppiumTest@3567135c]" name="IosApps" duration-ms="11" started-at="2020-12-05T19:06:03Z" finished-at="2020-12-05T19:06:03Z">
          <reporter-output>
          </reporter-output>
        </test-method> <!-- IosApps -->
        <test-method status="PASS" signature="NativeppAndroid()[pri:0, instance:qaclickacademy.AppiumTest@3567135c]" name="NativeppAndroid" duration-ms="1" started-at="2020-12-05T19:06:03Z" finished-at="2020-12-05T19:06:03Z">
          <reporter-output>
          </reporter-output>
        </test-method> <!-- NativeppAndroid -->
      </class> <!-- qaclickacademy.AppiumTest -->
    </test> <!-- Surefire test -->
  </suite> <!-- Surefire suite -->
</testng-results>
