<?xml version="1.0" encoding="UTF-8"?>
<!-- Generated by org.testng.reporters.JUnitXMLReporter -->
<testsuite hostname="Swarnendus-MacBook-Pro.local" name="Test" tests="4" failures="0" timestamp="5 Dec 2020 13:31:00 GMT" time="0.04" errors="0">
  <testcase name="DeleteTwitter" time="0.017" classname="qaclickacademy.RestApiTest"/>
  <testcase name="postJira" time="0.001" classname="qaclickacademy.RestApiTest"/>
  <testcase name="BrowseAutomation" time="0.0" classname="qaclickacademy.SeleniumTest"/>
  <testcase name="elemetsUI" time="0.0" classname="qaclickacademy.SeleniumTest"/>
</testsuite> <!-- Test -->
